C:\USERS\TAEZ-STKYOHT\DESKTOP\OPENGL_EXTENSIONS_TUTORIAL\DEBUG\FREEGLUT_CALLBACKS.OBJ
C:\USERS\TAEZ-STKYOHT\DESKTOP\OPENGL_EXTENSIONS_TUTORIAL\DEBUG\FREEGLUT_CURSOR.OBJ
C:\USERS\TAEZ-STKYOHT\DESKTOP\OPENGL_EXTENSIONS_TUTORIAL\DEBUG\FREEGLUT_DISPLAY.OBJ
C:\USERS\TAEZ-STKYOHT\DESKTOP\OPENGL_EXTENSIONS_TUTORIAL\DEBUG\FREEGLUT_EXT.OBJ
C:\USERS\TAEZ-STKYOHT\DESKTOP\OPENGL_EXTENSIONS_TUTORIAL\DEBUG\FREEGLUT_FONT.OBJ
C:\USERS\TAEZ-STKYOHT\DESKTOP\OPENGL_EXTENSIONS_TUTORIAL\DEBUG\FREEGLUT_FONT_DATA.OBJ
C:\USERS\TAEZ-STKYOHT\DESKTOP\OPENGL_EXTENSIONS_TUTORIAL\DEBUG\FREEGLUT_GAMEMODE.OBJ
C:\USERS\TAEZ-STKYOHT\DESKTOP\OPENGL_EXTENSIONS_TUTORIAL\DEBUG\FREEGLUT_GEOMETRY.OBJ
C:\USERS\TAEZ-STKYOHT\DESKTOP\OPENGL_EXTENSIONS_TUTORIAL\DEBUG\FREEGLUT_GLUTFONT_DEFINITIONS.OBJ
C:\USERS\TAEZ-STKYOHT\DESKTOP\OPENGL_EXTENSIONS_TUTORIAL\DEBUG\FREEGLUT_INIT.OBJ
C:\USERS\TAEZ-STKYOHT\DESKTOP\OPENGL_EXTENSIONS_TUTORIAL\DEBUG\FREEGLUT_JOYSTICK.OBJ
C:\USERS\TAEZ-STKYOHT\DESKTOP\OPENGL_EXTENSIONS_TUTORIAL\DEBUG\FREEGLUT_MAIN.OBJ
C:\USERS\TAEZ-STKYOHT\DESKTOP\OPENGL_EXTENSIONS_TUTORIAL\DEBUG\FREEGLUT_MENU.OBJ
C:\USERS\TAEZ-STKYOHT\DESKTOP\OPENGL_EXTENSIONS_TUTORIAL\DEBUG\FREEGLUT_MISC.OBJ
C:\USERS\TAEZ-STKYOHT\DESKTOP\OPENGL_EXTENSIONS_TUTORIAL\DEBUG\FREEGLUT_OVERLAY.OBJ
C:\USERS\TAEZ-STKYOHT\DESKTOP\OPENGL_EXTENSIONS_TUTORIAL\DEBUG\FREEGLUT_STATE.OBJ
C:\USERS\TAEZ-STKYOHT\DESKTOP\OPENGL_EXTENSIONS_TUTORIAL\DEBUG\FREEGLUT_STROKE_MONO_ROMAN.OBJ
C:\USERS\TAEZ-STKYOHT\DESKTOP\OPENGL_EXTENSIONS_TUTORIAL\DEBUG\FREEGLUT_STROKE_ROMAN.OBJ
C:\USERS\TAEZ-STKYOHT\DESKTOP\OPENGL_EXTENSIONS_TUTORIAL\DEBUG\FREEGLUT_STRUCTURE.OBJ
C:\USERS\TAEZ-STKYOHT\DESKTOP\OPENGL_EXTENSIONS_TUTORIAL\DEBUG\FREEGLUT_TEAPOT.OBJ
C:\USERS\TAEZ-STKYOHT\DESKTOP\OPENGL_EXTENSIONS_TUTORIAL\DEBUG\FREEGLUT_VIDEORESIZE.OBJ
C:\USERS\TAEZ-STKYOHT\DESKTOP\OPENGL_EXTENSIONS_TUTORIAL\DEBUG\FREEGLUT_WINDOW.OBJ
C:\USERS\TAEZ-STKYOHT\DESKTOP\OPENGL_EXTENSIONS_TUTORIAL\DEBUG\GLAPPLICATION.OBJ
C:\USERS\TAEZ-STKYOHT\DESKTOP\OPENGL_EXTENSIONS_TUTORIAL\DEBUG\GLEW.OBJ
C:\USERS\TAEZ-STKYOHT\DESKTOP\OPENGL_EXTENSIONS_TUTORIAL\DEBUG\GLUTWINDOW.OBJ
C:\USERS\TAEZ-STKYOHT\DESKTOP\OPENGL_EXTENSIONS_TUTORIAL\DEBUG\GLWINDOW.OBJ
C:\USERS\TAEZ-STKYOHT\DESKTOP\OPENGL_EXTENSIONS_TUTORIAL\DEBUG\MAIN.OBJ
C:\USERS\TAEZ-STKYOHT\DESKTOP\OPENGL_EXTENSIONS_TUTORIAL\DEBUG\TEMPLATEPROJECT.EXE
C:\USERS\TAEZ-STKYOHT\DESKTOP\OPENGL_EXTENSIONS_TUTORIAL\DEBUG\TEMPLATEPROJECT.EXE.EMBED.MANIFEST
C:\USERS\TAEZ-STKYOHT\DESKTOP\OPENGL_EXTENSIONS_TUTORIAL\DEBUG\TEMPLATEPROJECT.EXE.EMBED.MANIFEST.RES
C:\USERS\TAEZ-STKYOHT\DESKTOP\OPENGL_EXTENSIONS_TUTORIAL\DEBUG\TEMPLATEPROJECT.EXE.INTERMEDIATE.MANIFEST
C:\USERS\TAEZ-STKYOHT\DESKTOP\OPENGL_EXTENSIONS_TUTORIAL\DEBUG\TEMPLATEPROJECT.ILK
C:\USERS\TAEZ-STKYOHT\DESKTOP\OPENGL_EXTENSIONS_TUTORIAL\DEBUG\TEMPLATEPROJECT.PDB
C:\USERS\TAEZ-STKYOHT\DESKTOP\OPENGL_EXTENSIONS_TUTORIAL\DEBUG\VC100.PDB
C:\Users\TaeZ-Stkyoht\Desktop\OpenGL_Extensions_Tutorial\Debug\cl.command.1.tlog
C:\Users\TaeZ-Stkyoht\Desktop\OpenGL_Extensions_Tutorial\Debug\CL.read.1.tlog
C:\Users\TaeZ-Stkyoht\Desktop\OpenGL_Extensions_Tutorial\Debug\CL.write.1.tlog
C:\Users\TaeZ-Stkyoht\Desktop\OpenGL_Extensions_Tutorial\Debug\freeglut_callbacks.obj
C:\Users\TaeZ-Stkyoht\Desktop\OpenGL_Extensions_Tutorial\Debug\freeglut_cursor.obj
C:\Users\TaeZ-Stkyoht\Desktop\OpenGL_Extensions_Tutorial\Debug\freeglut_display.obj
C:\Users\TaeZ-Stkyoht\Desktop\OpenGL_Extensions_Tutorial\Debug\freeglut_ext.obj
C:\Users\TaeZ-Stkyoht\Desktop\OpenGL_Extensions_Tutorial\Debug\freeglut_font.obj
C:\Users\TaeZ-Stkyoht\Desktop\OpenGL_Extensions_Tutorial\Debug\freeglut_font_data.obj
C:\Users\TaeZ-Stkyoht\Desktop\OpenGL_Extensions_Tutorial\Debug\freeglut_gamemode.obj
C:\Users\TaeZ-Stkyoht\Desktop\OpenGL_Extensions_Tutorial\Debug\freeglut_geometry.obj
C:\Users\TaeZ-Stkyoht\Desktop\OpenGL_Extensions_Tutorial\Debug\freeglut_glutfont_definitions.obj
C:\Users\TaeZ-Stkyoht\Desktop\OpenGL_Extensions_Tutorial\Debug\freeglut_init.obj
C:\Users\TaeZ-Stkyoht\Desktop\OpenGL_Extensions_Tutorial\Debug\freeglut_joystick.obj
C:\Users\TaeZ-Stkyoht\Desktop\OpenGL_Extensions_Tutorial\Debug\freeglut_main.obj
C:\Users\TaeZ-Stkyoht\Desktop\OpenGL_Extensions_Tutorial\Debug\freeglut_menu.obj
C:\Users\TaeZ-Stkyoht\Desktop\OpenGL_Extensions_Tutorial\Debug\freeglut_misc.obj
C:\Users\TaeZ-Stkyoht\Desktop\OpenGL_Extensions_Tutorial\Debug\freeglut_overlay.obj
C:\Users\TaeZ-Stkyoht\Desktop\OpenGL_Extensions_Tutorial\Debug\freeglut_state.obj
C:\Users\TaeZ-Stkyoht\Desktop\OpenGL_Extensions_Tutorial\Debug\freeglut_stroke_mono_roman.obj
C:\Users\TaeZ-Stkyoht\Desktop\OpenGL_Extensions_Tutorial\Debug\freeglut_stroke_roman.obj
C:\Users\TaeZ-Stkyoht\Desktop\OpenGL_Extensions_Tutorial\Debug\freeglut_structure.obj
C:\Users\TaeZ-Stkyoht\Desktop\OpenGL_Extensions_Tutorial\Debug\freeglut_teapot.obj
C:\Users\TaeZ-Stkyoht\Desktop\OpenGL_Extensions_Tutorial\Debug\freeglut_videoresize.obj
C:\Users\TaeZ-Stkyoht\Desktop\OpenGL_Extensions_Tutorial\Debug\freeglut_window.obj
C:\Users\TaeZ-Stkyoht\Desktop\OpenGL_Extensions_Tutorial\Debug\glApplication.obj
C:\Users\TaeZ-Stkyoht\Desktop\OpenGL_Extensions_Tutorial\Debug\glew.obj
C:\Users\TaeZ-Stkyoht\Desktop\OpenGL_Extensions_Tutorial\Debug\glutwindow.obj
C:\Users\TaeZ-Stkyoht\Desktop\OpenGL_Extensions_Tutorial\Debug\glWindow.obj
C:\Users\TaeZ-Stkyoht\Desktop\OpenGL_Extensions_Tutorial\Debug\link.4540.read.1.tlog
C:\Users\TaeZ-Stkyoht\Desktop\OpenGL_Extensions_Tutorial\Debug\link.4540.write.1.tlog
C:\Users\TaeZ-Stkyoht\Desktop\OpenGL_Extensions_Tutorial\Debug\link.4540-cvtres.read.1.tlog
C:\Users\TaeZ-Stkyoht\Desktop\OpenGL_Extensions_Tutorial\Debug\link.4540-cvtres.write.1.tlog
C:\Users\TaeZ-Stkyoht\Desktop\OpenGL_Extensions_Tutorial\Debug\link.command.1.tlog
C:\Users\TaeZ-Stkyoht\Desktop\OpenGL_Extensions_Tutorial\Debug\link.read.1.tlog
C:\Users\TaeZ-Stkyoht\Desktop\OpenGL_Extensions_Tutorial\Debug\link.write.1.tlog
C:\Users\TaeZ-Stkyoht\Desktop\OpenGL_Extensions_Tutorial\Debug\link-cvtres.read.1.tlog
C:\Users\TaeZ-Stkyoht\Desktop\OpenGL_Extensions_Tutorial\Debug\link-cvtres.write.1.tlog
C:\Users\TaeZ-Stkyoht\Desktop\OpenGL_Extensions_Tutorial\Debug\main.obj
C:\Users\TaeZ-Stkyoht\Desktop\OpenGL_Extensions_Tutorial\Debug\mt.command.1.tlog
C:\Users\TaeZ-Stkyoht\Desktop\OpenGL_Extensions_Tutorial\Debug\mt.read.1.tlog
C:\Users\TaeZ-Stkyoht\Desktop\OpenGL_Extensions_Tutorial\Debug\mt.write.1.tlog
C:\Users\TaeZ-Stkyoht\Desktop\OpenGL_Extensions_Tutorial\Debug\rc.command.1.tlog
C:\Users\TaeZ-Stkyoht\Desktop\OpenGL_Extensions_Tutorial\Debug\rc.read.1.tlog
C:\Users\TaeZ-Stkyoht\Desktop\OpenGL_Extensions_Tutorial\Debug\rc.write.1.tlog
C:\Users\TaeZ-Stkyoht\Desktop\OpenGL_Extensions_Tutorial\Debug\TemplateProject.exe
C:\Users\TaeZ-Stkyoht\Desktop\OpenGL_Extensions_Tutorial\Debug\TemplateProject.exe.embed.manifest
C:\Users\TaeZ-Stkyoht\Desktop\OpenGL_Extensions_Tutorial\Debug\TemplateProject.exe.embed.manifest.res
C:\Users\TaeZ-Stkyoht\Desktop\OpenGL_Extensions_Tutorial\Debug\TemplateProject.exe.intermediate.manifest
C:\Users\TaeZ-Stkyoht\Desktop\OpenGL_Extensions_Tutorial\Debug\TemplateProject.ilk
C:\Users\TaeZ-Stkyoht\Desktop\OpenGL_Extensions_Tutorial\Debug\TemplateProject.pdb
C:\Users\TaeZ-Stkyoht\Desktop\OpenGL_Extensions_Tutorial\Debug\TemplateProject.vcxprojResolveAssemblyReference.cache
C:\Users\TaeZ-Stkyoht\Desktop\OpenGL_Extensions_Tutorial\Debug\TemplateProject.write.1.tlog
C:\Users\TaeZ-Stkyoht\Desktop\OpenGL_Extensions_Tutorial\Debug\TemplateProject_manifest.rc
C:\Users\TaeZ-Stkyoht\Desktop\OpenGL_Extensions_Tutorial\Debug\vc100.idb
C:\Users\TaeZ-Stkyoht\Desktop\OpenGL_Extensions_Tutorial\Debug\vc100.pdb
Debug\TemplateProject.ilk
Debug\TemplateProject.pdb
